#
# There is insufficient memory for the Java Runtime Environment to continue.
# Native memory allocation (malloc) failed to allocate 1205792 bytes. Error detail: Chunk::new
# Possible reasons:
#   The system is out of physical RAM or swap space
#   This process is running with CompressedOops enabled, and the Java Heap may be blocking the growth of the native heap
# Possible solutions:
#   Reduce memory load on the system
#   Increase physical memory or swap space
#   Check if swap backing store is full
#   Decrease Java heap size (-Xmx/-Xms)
#   Decrease number of Java threads
#   Decrease Java thread stack sizes (-Xss)
#   Set larger code cache with -XX:ReservedCodeCacheSize=
#   JVM is running with Unscaled Compressed Oops mode in which the Java heap is
#     placed in the first 4GB address space. The Java Heap base address is the
#     maximum limit for the native heap growth. Please use -XX:HeapBaseMinAddress
#     to set the Java Heap base and to place the Java Heap above 4GB virtual address.
# This output file may be truncated or incomplete.
#
#  Out of Memory Error (arena.cpp:168), pid=10788, tid=15964
#
# JRE version: OpenJDK Runtime Environment Temurin-21.0.7+6 (21.0.7+6) (build 21.0.7+6-LTS)
# Java VM: OpenJDK 64-Bit Server VM Temurin-21.0.7+6 (21.0.7+6-LTS, mixed mode, sharing, tiered, compressed oops, compressed class ptrs, parallel gc, windows-amd64)
# No core dump will be written. Minidumps are not enabled by default on client versions of Windows
#

---------------  S U M M A R Y ------------

Command Line: --add-modules=ALL-SYSTEM --add-opens=java.base/java.util=ALL-UNNAMED --add-opens=java.base/java.lang=ALL-UNNAMED --add-opens=java.base/sun.nio.fs=ALL-UNNAMED -Declipse.application=org.eclipse.jdt.ls.core.id1 -Dosgi.bundles.defaultStartLevel=4 -Declipse.product=org.eclipse.jdt.ls.core.product -Djava.import.generatesMetadataFilesAtProjectRoot=false -DDetectVMInstallationsJob.disabled=true -Dfile.encoding=utf8 -XX:+UseParallelGC -XX:GCTimeRatio=4 -XX:AdaptiveSizePolicyWeight=90 -Dsun.zip.disableMemoryMapping=true -Xmx2G -Xms100m -Xlog:disable -javaagent:c:\Users\hp\.vscode\extensions\redhat.java-1.43.1-win32-x64\lombok\lombok-1.18.39-4050.jar -XX:+HeapDumpOnOutOfMemoryError -XX:HeapDumpPath=c:\Users\hp\AppData\Roaming\Code\User\workspaceStorage\6ce4dc90c718fc702e6d1fa3097fe2e2\redhat.java -Daether.dependencyCollector.impl=bf c:\Users\hp\.vscode\extensions\redhat.java-1.43.1-win32-x64\server\plugins\org.eclipse.equinox.launcher_1.7.0.v20250519-0528.jar -configuration c:\Users\hp\AppData\Roaming\Code\User\globalStorage\redhat.java\1.43.1\config_win -data c:\Users\hp\AppData\Roaming\Code\User\workspaceStorage\6ce4dc90c718fc702e6d1fa3097fe2e2\redhat.java\jdt_ws --pipe=\\.\pipe\lsp-1d3bf08c4988b574f01e642e500e966d-sock

Host: 11th Gen Intel(R) Core(TM) i5-1135G7 @ 2.40GHz, 8 cores, 15G,  Windows 11 , 64 bit Build 22621 (10.0.22621.5415)
Time: Fri Jul 25 12:17:06 2025 India Standard Time elapsed time: 2095.749003 seconds (0d 0h 34m 55s)

---------------  T H R E A D  ---------------

Current thread (0x000002abfaaee650):  JavaThread "C2 CompilerThread0" daemon [_thread_in_native, id=15964, stack(0x000000b7d9000000,0x000000b7d9100000) (1024K)]


Current CompileTask:
C2:2095749 21128       4       org.eclipse.jdt.internal.core.util.Util::getPackageFragment (229 bytes)

Stack: [0x000000b7d9000000,0x000000b7d9100000]
Native frames: (J=compiled Java code, j=interpreted, Vv=VM code, C=native code)
V  [jvm.dll+0x6ce119]
V  [jvm.dll+0x8a84a1]
V  [jvm.dll+0x8aa9ce]
V  [jvm.dll+0x8ab0b3]
V  [jvm.dll+0x27f8a6]
V  [jvm.dll+0xc507d]
V  [jvm.dll+0xc55b3]
V  [jvm.dll+0x3b692c]
V  [jvm.dll+0x382aa5]
V  [jvm.dll+0x381f0a]
V  [jvm.dll+0x247af0]
V  [jvm.dll+0x2470cf]
V  [jvm.dll+0x1c760e]
V  [jvm.dll+0x25695a]
V  [jvm.dll+0x254efa]
V  [jvm.dll+0x3f03f6]
V  [jvm.dll+0x851f6b]
V  [jvm.dll+0x6cc7dd]
C  [ucrtbase.dll+0x29333]
C  [KERNEL32.DLL+0x1259d]
C  [ntdll.dll+0x5af78]


---------------  P R O C E S S  ---------------

Threads class SMR info:
_java_thread_list=0x000002abd9271110, length=47, elements={
0x000002abfab60520, 0x000002abfac1b300, 0x000002abfac1d120, 0x000002abfaad8970,
0x000002abfaad9b00, 0x000002abfaaddfb0, 0x000002abfaae15d0, 0x000002abfaaee650,
0x000002abfaaf0ee0, 0x000002abfaae1c60, 0x000002abfaae22f0, 0x000002abfaae2980,
0x000002abfaae3010, 0x000002abfaadfb90, 0x000002abfaae0220, 0x000002abfaae0f40,
0x000002abfaae08b0, 0x000002abd8c33c00, 0x000002abd8c34290, 0x000002abd8c32850,
0x000002abd8c34920, 0x000002abd8c35640, 0x000002abd8c2e6b0, 0x000002abd8c35cd0,
0x000002abd8c2ed40, 0x000002abd8c314a0, 0x000002abd8c30780, 0x000002abd8c2f3d0,
0x000002abd8c30e10, 0x000002abdbf56c20, 0x000002abdbf537a0, 0x000002abdbf5a0a0,
0x000002abdaafba90, 0x000002abdaafc120, 0x000002abdaafce40, 0x000002abdaafef10,
0x000002abdaaffc30, 0x000002abdaaf8ca0, 0x000002abdaafa6e0, 0x000002abdaafb400,
0x000002abdaafdb60, 0x000002abdbf544c0, 0x000002abdbf54b50, 0x000002abdbf57940,
0x000002abdbf57fd0, 0x000002abdbf58660, 0x000002abd8c33570
}

Java Threads: ( => current thread )
  0x000002abfab60520 JavaThread "main"                              [_thread_blocked, id=16296, stack(0x000000b7d8600000,0x000000b7d8700000) (1024K)]
  0x000002abfac1b300 JavaThread "Reference Handler"          daemon [_thread_blocked, id=15280, stack(0x000000b7d8a00000,0x000000b7d8b00000) (1024K)]
  0x000002abfac1d120 JavaThread "Finalizer"                  daemon [_thread_blocked, id=25148, stack(0x000000b7d8b00000,0x000000b7d8c00000) (1024K)]
  0x000002abfaad8970 JavaThread "Signal Dispatcher"          daemon [_thread_blocked, id=12440, stack(0x000000b7d8c00000,0x000000b7d8d00000) (1024K)]
  0x000002abfaad9b00 JavaThread "Attach Listener"            daemon [_thread_blocked, id=5960, stack(0x000000b7d8d00000,0x000000b7d8e00000) (1024K)]
  0x000002abfaaddfb0 JavaThread "Service Thread"             daemon [_thread_blocked, id=19084, stack(0x000000b7d8e00000,0x000000b7d8f00000) (1024K)]
  0x000002abfaae15d0 JavaThread "Monitor Deflation Thread"   daemon [_thread_blocked, id=22160, stack(0x000000b7d8f00000,0x000000b7d9000000) (1024K)]
=>0x000002abfaaee650 JavaThread "C2 CompilerThread0"         daemon [_thread_in_native, id=15964, stack(0x000000b7d9000000,0x000000b7d9100000) (1024K)]
  0x000002abfaaf0ee0 JavaThread "C1 CompilerThread0"         daemon [_thread_blocked, id=21444, stack(0x000000b7d9100000,0x000000b7d9200000) (1024K)]
  0x000002abfaae1c60 JavaThread "Common-Cleaner"             daemon [_thread_blocked, id=18608, stack(0x000000b7d9200000,0x000000b7d9300000) (1024K)]
  0x000002abfaae22f0 JavaThread "Notification Thread"        daemon [_thread_blocked, id=15484, stack(0x000000b7d9400000,0x000000b7d9500000) (1024K)]
  0x000002abfaae2980 JavaThread "Active Thread: Equinox Container: f34b26d2-086b-43eb-afb1-2eb6b6841d93"        [_thread_blocked, id=6460, stack(0x000000b7d9b00000,0x000000b7d9c00000) (1024K)]
  0x000002abfaae3010 JavaThread "Refresh Thread: Equinox Container: f34b26d2-086b-43eb-afb1-2eb6b6841d93" daemon [_thread_blocked, id=14440, stack(0x000000b7d9300000,0x000000b7d9400000) (1024K)]
  0x000002abfaadfb90 JavaThread "Framework Event Dispatcher: Equinox Container: f34b26d2-086b-43eb-afb1-2eb6b6841d93" daemon [_thread_blocked, id=26040, stack(0x000000b7d9d00000,0x000000b7d9e00000) (1024K)]
  0x000002abfaae0220 JavaThread "Start Level: Equinox Container: f34b26d2-086b-43eb-afb1-2eb6b6841d93" daemon [_thread_blocked, id=14736, stack(0x000000b7d9e00000,0x000000b7d9f00000) (1024K)]
  0x000002abfaae0f40 JavaThread "Bundle File Closer"         daemon [_thread_blocked, id=23812, stack(0x000000b7da000000,0x000000b7da100000) (1024K)]
  0x000002abfaae08b0 JavaThread "SCR Component Actor"        daemon [_thread_blocked, id=18264, stack(0x000000b7d9f00000,0x000000b7da000000) (1024K)]
  0x000002abd8c33c00 JavaThread "Worker-JM"                         [_thread_blocked, id=2856, stack(0x000000b7da300000,0x000000b7da400000) (1024K)]
  0x000002abd8c34290 JavaThread "JNA Cleaner"                daemon [_thread_blocked, id=12884, stack(0x000000b7da200000,0x000000b7da300000) (1024K)]
  0x000002abd8c32850 JavaThread "Java indexing"              daemon [_thread_blocked, id=7136, stack(0x000000b7da700000,0x000000b7da800000) (1024K)]
  0x000002abd8c34920 JavaThread "Thread-2"                   daemon [_thread_in_native, id=7360, stack(0x000000b7dac00000,0x000000b7dad00000) (1024K)]
  0x000002abd8c35640 JavaThread "Thread-3"                   daemon [_thread_in_native, id=19548, stack(0x000000b7dad00000,0x000000b7dae00000) (1024K)]
  0x000002abd8c2e6b0 JavaThread "Thread-4"                   daemon [_thread_in_native, id=6344, stack(0x000000b7dae00000,0x000000b7daf00000) (1024K)]
  0x000002abd8c35cd0 JavaThread "Thread-5"                   daemon [_thread_in_native, id=22400, stack(0x000000b7daf00000,0x000000b7db000000) (1024K)]
  0x000002abd8c2ed40 JavaThread "Thread-6"                   daemon [_thread_in_native, id=21332, stack(0x000000b7db000000,0x000000b7db100000) (1024K)]
  0x000002abd8c314a0 JavaThread "Thread-7"                   daemon [_thread_in_native, id=19328, stack(0x000000b7db100000,0x000000b7db200000) (1024K)]
  0x000002abd8c30780 JavaThread "Thread-8"                   daemon [_thread_in_native, id=4576, stack(0x000000b7db200000,0x000000b7db300000) (1024K)]
  0x000002abd8c2f3d0 JavaThread "Thread-9"                   daemon [_thread_in_native, id=22664, stack(0x000000b7db300000,0x000000b7db400000) (1024K)]
  0x000002abd8c30e10 JavaThread "Thread-10"                  daemon [_thread_in_native, id=19264, stack(0x000000b7db400000,0x000000b7db500000) (1024K)]
  0x000002abdbf56c20 JavaThread "pool-2-thread-1"                   [_thread_blocked, id=7084, stack(0x000000b7db500000,0x000000b7db600000) (1024K)]
  0x000002abdbf537a0 JavaThread "WorkspaceEventsHandler"            [_thread_blocked, id=26316, stack(0x000000b7db600000,0x000000b7db700000) (1024K)]
  0x000002abdbf5a0a0 JavaThread "pool-1-thread-1"                   [_thread_blocked, id=18828, stack(0x000000b7db700000,0x000000b7db800000) (1024K)]
  0x000002abdaafba90 JavaThread "Cleaner-0"                  daemon [_thread_blocked, id=7920, stack(0x000000b7dce00000,0x000000b7dcf00000) (1024K)]
  0x000002abdaafc120 JavaThread "Worker-12"                         [_thread_blocked, id=15548, stack(0x000000b7d8300000,0x000000b7d8400000) (1024K)]
  0x000002abdaafce40 JavaThread "ForkJoinPool.commonPool-worker-15" daemon [_thread_blocked, id=10452, stack(0x000000b7d8400000,0x000000b7d8500000) (1024K)]
  0x000002abdaafef10 JavaThread "ForkJoinPool.commonPool-worker-16" daemon [_thread_blocked, id=2704, stack(0x000000b7d8500000,0x000000b7d8600000) (1024K)]
  0x000002abdaaffc30 JavaThread "ForkJoinPool.commonPool-worker-17" daemon [_thread_blocked, id=1164, stack(0x000000b7da100000,0x000000b7da200000) (1024K)]
  0x000002abdaaf8ca0 JavaThread "Compiler Source File Reader" daemon [_thread_blocked, id=9928, stack(0x000000b7da400000,0x000000b7da500000) (1024K)]
  0x000002abdaafa6e0 JavaThread "Compiler Source File Reader" daemon [_thread_blocked, id=10716, stack(0x000000b7da600000,0x000000b7da700000) (1024K)]
  0x000002abdaafb400 JavaThread "Compiler Source File Reader" daemon [_thread_blocked, id=21528, stack(0x000000b7da900000,0x000000b7daa00000) (1024K)]
  0x000002abdaafdb60 JavaThread "ForkJoinPool.commonPool-worker-18" daemon [_thread_blocked, id=21460, stack(0x000000b7daa00000,0x000000b7dab00000) (1024K)]
  0x000002abdbf544c0 JavaThread "Compiler Source File Reader" daemon [_thread_blocked, id=15816, stack(0x000000b7db800000,0x000000b7db900000) (1024K)]
  0x000002abdbf54b50 JavaThread "Compiler Source File Reader" daemon [_thread_blocked, id=15820, stack(0x000000b7dba00000,0x000000b7dbb00000) (1024K)]
  0x000002abdbf57940 JavaThread "Compiler Source File Reader" daemon [_thread_blocked, id=13912, stack(0x000000b7dbb00000,0x000000b7dbc00000) (1024K)]
  0x000002abdbf57fd0 JavaThread "Worker-15"                         [_thread_blocked, id=26184, stack(0x000000b7dbc00000,0x000000b7dbd00000) (1024K)]
  0x000002abdbf58660 JavaThread "ForkJoinPool.commonPool-worker-19" daemon [_thread_blocked, id=18328, stack(0x000000b7dbd00000,0x000000b7dbe00000) (1024K)]
  0x000002abd8c33570 JavaThread "ForkJoinPool.commonPool-worker-20" daemon [_thread_blocked, id=25640, stack(0x000000b7da800000,0x000000b7da900000) (1024K)]
Total: 47

Other Threads:
  0x000002abfac00630 VMThread "VM Thread"                           [id=11532, stack(0x000000b7d8900000,0x000000b7d8a00000) (1024K)]
  0x000002abfabcbec0 WatcherThread "VM Periodic Task Thread"        [id=2532, stack(0x000000b7d8800000,0x000000b7d8900000) (1024K)]
  0x000002abfab7e930 WorkerThread "GC Thread#0"                     [id=13636, stack(0x000000b7d8700000,0x000000b7d8800000) (1024K)]
  0x000002abd892fc10 WorkerThread "GC Thread#1"                     [id=11100, stack(0x000000b7d9500000,0x000000b7d9600000) (1024K)]
  0x000002abd892ffb0 WorkerThread "GC Thread#2"                     [id=24924, stack(0x000000b7d9600000,0x000000b7d9700000) (1024K)]
  0x000002abd8930350 WorkerThread "GC Thread#3"                     [id=6168, stack(0x000000b7d9700000,0x000000b7d9800000) (1024K)]
  0x000002abd893fc30 WorkerThread "GC Thread#4"                     [id=21664, stack(0x000000b7d9800000,0x000000b7d9900000) (1024K)]
  0x000002abd893ffd0 WorkerThread "GC Thread#5"                     [id=26168, stack(0x000000b7d9900000,0x000000b7d9a00000) (1024K)]
  0x000002abd8940370 WorkerThread "GC Thread#6"                     [id=24612, stack(0x000000b7d9a00000,0x000000b7d9b00000) (1024K)]
  0x000002abd824cea0 WorkerThread "GC Thread#7"                     [id=18960, stack(0x000000b7d9c00000,0x000000b7d9d00000) (1024K)]
Total: 10

Threads with active compile tasks:
C2 CompilerThread0  2095779 21128       4       org.eclipse.jdt.internal.core.util.Util::getPackageFragment (229 bytes)
Total: 1

VM state: not at safepoint (normal execution)

VM Mutex/Monitor currently owned by a thread: None

Heap address: 0x0000000080000000, size: 2048 MB, Compressed Oops mode: 32-bit

CDS archive(s) mapped at: [0x000002ab93000000-0x000002ab93ba0000-0x000002ab93ba0000), size 12189696, SharedBaseAddress: 0x000002ab93000000, ArchiveRelocationMode: 1.
Compressed class space mapped at: 0x000002ab94000000-0x000002abd4000000, reserved size: 1073741824
Narrow klass base: 0x000002ab93000000, Narrow klass shift: 0, Narrow klass range: 0x100000000

GC Precious Log:
 CardTable entry size: 512
 CPUs: 8 total, 8 available
 Memory: 16151M
 Large Page Support: Disabled
 NUMA Support: Disabled
 Compressed Oops: Enabled (32-bit)
 Alignments: Space 512K, Generation 512K, Heap 2M
 Heap Min Capacity: 100M
 Heap Initial Capacity: 100M
 Heap Max Capacity: 2G
 Pre-touch: Disabled
 Parallel Workers: 8

Heap:
 PSYoungGen      total 4096K, used 2908K [0x00000000d5580000, 0x00000000d5b00000, 0x0000000100000000)
  eden space 3584K, 76% used [0x00000000d5580000,0x00000000d582f1a0,0x00000000d5900000)
  from space 512K, 31% used [0x00000000d5a80000,0x00000000d5aa8000,0x00000000d5b00000)
  to   space 512K, 0% used [0x00000000d5a00000,0x00000000d5a00000,0x00000000d5a80000)
 ParOldGen       total 1286144K, used 168592K [0x0000000080000000, 0x00000000ce800000, 0x00000000d5580000)
  object space 1286144K, 13% used [0x0000000080000000,0x000000008a4a40a8,0x00000000ce800000)
 Metaspace       used 86591K, committed 88000K, reserved 1179648K
  class space    used 8608K, committed 9280K, reserved 1048576K

Card table byte_map: [0x000002abfa500000,0x000002abfa910000] _byte_map_base: 0x000002abfa100000

Marking Bits: (ParMarkBitMap*) 0x00007ffdb76131f0
 Begin Bits: [0x000002ab8f000000, 0x000002ab91000000)
 End Bits:   [0x000002ab91000000, 0x000002ab93000000)

Polling page: 0x000002abf89b0000

Metaspace:

Usage:
  Non-class:     76.16 MB used.
      Class:      8.41 MB used.
       Both:     84.56 MB used.

Virtual space:
  Non-class space:      128.00 MB reserved,      76.88 MB ( 60%) committed,  2 nodes.
      Class space:        1.00 GB reserved,       9.06 MB ( <1%) committed,  1 nodes.
             Both:        1.12 GB reserved,      85.94 MB (  7%) committed. 

Chunk freelists:
   Non-Class:  2.70 MB
       Class:  6.78 MB
        Both:  9.48 MB

MaxMetaspaceSize: unlimited
CompressedClassSpaceSize: 1.00 GB
Initial GC threshold: 21.00 MB
Current GC threshold: 140.88 MB
CDS: on
 - commit_granule_bytes: 65536.
 - commit_granule_words: 8192.
 - virtual_space_node_default_size: 8388608.
 - enlarge_chunks_in_place: 1.
 - use_allocation_guard: 0.


Internal statistics:

num_allocs_failed_limit: 9.
num_arena_births: 1594.
num_arena_deaths: 306.
num_vsnodes_births: 3.
num_vsnodes_deaths: 0.
num_space_committed: 1375.
num_space_uncommitted: 0.
num_chunks_returned_to_freelist: 340.
num_chunks_taken_from_freelist: 5921.
num_chunk_merges: 87.
num_chunk_splits: 3457.
num_chunks_enlarged: 1924.
num_inconsistent_stats: 0.

CodeHeap 'non-profiled nmethods': size=120000Kb used=17800Kb max_used=20535Kb free=102199Kb
 bounds [0x000002ab87ad0000, 0x000002ab88ee0000, 0x000002ab8f000000]
CodeHeap 'profiled nmethods': size=120000Kb used=40775Kb max_used=50431Kb free=79224Kb
 bounds [0x000002ab80000000, 0x000002ab83140000, 0x000002ab87530000]
CodeHeap 'non-nmethods': size=5760Kb used=1530Kb max_used=1621Kb free=4229Kb
 bounds [0x000002ab87530000, 0x000002ab877a0000, 0x000002ab87ad0000]
 total_blobs=17249 nmethods=16406 adapters=742
 compilation: enabled
              stopped_count=0, restarted_count=0
 full_count=0

Compilation events (20 events):
Event: 2073.261 Thread 0x000002abfaaf0ee0 nmethod 21118 0x000002ab80642b10 code [0x000002ab80642d80, 0x000002ab806434e8]
Event: 2073.367 Thread 0x000002abfaaee650 21119       4       org.eclipse.jdt.core.dom.ASTVisitor::endVisit (1 bytes)
Event: 2073.367 Thread 0x000002abfaaee650 nmethod 21119 0x000002ab87c58090 code [0x000002ab87c58220, 0x000002ab87c582a8]
Event: 2073.367 Thread 0x000002abfaaee650 21120       4       org.eclipse.jdt.core.dom.ASTVisitor::endVisit (1 bytes)
Event: 2073.367 Thread 0x000002abfaaee650 nmethod 21120 0x000002ab87c62c10 code [0x000002ab87c62da0, 0x000002ab87c62e28]
Event: 2073.367 Thread 0x000002abfaaf0ee0 21121       3       org.eclipse.jdt.internal.core.SourceMethod::resolved (35 bytes)
Event: 2073.368 Thread 0x000002abfaaf0ee0 nmethod 21121 0x000002ab802b0c90 code [0x000002ab802b0e80, 0x000002ab802b1400]
Event: 2073.368 Thread 0x000002abfaaf0ee0 21122       3       org.eclipse.jdt.internal.core.ResolvedSourceMethod::<init> (16 bytes)
Event: 2073.368 Thread 0x000002abfaaf0ee0 nmethod 21122 0x000002ab80380590 code [0x000002ab80380760, 0x000002ab80380ac0]
Event: 2084.882 Thread 0x000002abfaaee650 21123       4       org.eclipse.jdt.core.dom.VariableDeclarationStatement::accept0 (54 bytes)
Event: 2084.903 Thread 0x000002abfaaee650 nmethod 21123 0x000002ab883b3590 code [0x000002ab883b37c0, 0x000002ab883b44a8]
Event: 2084.944 Thread 0x000002abfaaf0ee0 21124       3       org.eclipse.jdt.internal.core.util.Util::toUnresolvedTypeSignature (49 bytes)
Event: 2084.944 Thread 0x000002abfaaf0ee0 nmethod 21124 0x000002ab80090410 code [0x000002ab80090600, 0x000002ab80090a10]
Event: 2089.526 Thread 0x000002abfaaee650 21125       4       java.util.Arrays::binarySearch (9 bytes)
Event: 2089.530 Thread 0x000002abfaaee650 nmethod 21125 0x000002ab87b39c90 code [0x000002ab87b39e60, 0x000002ab87b3a3a0]
Event: 2089.642 Thread 0x000002abfaaee650 21126   !   4       org.eclipse.jdt.internal.core.JavaElement::exists (10 bytes)
Event: 2089.643 Thread 0x000002abfaaee650 nmethod 21126 0x000002ab87c65890 code [0x000002ab87c65a20, 0x000002ab87c65ae8]
Event: 2095.047 Thread 0x000002abfaaee650 21127       4       org.eclipse.jdt.internal.compiler.lookup.ReferenceBinding::computeGenericTypeSignature (221 bytes)
Event: 2095.055 Thread 0x000002abfaaee650 nmethod 21127 0x000002ab87eba410 code [0x000002ab87eba680, 0x000002ab87ebad68]
Event: 2095.633 Thread 0x000002abfaaee650 21128       4       org.eclipse.jdt.internal.core.util.Util::getPackageFragment (229 bytes)

GC Heap History (20 events):
Event: 2058.006 GC heap before
{Heap before GC invocations=2258 (full 5):
 PSYoungGen      total 3584K, used 3103K [0x00000000d5580000, 0x00000000d5b00000, 0x0000000100000000)
  eden space 1536K, 99% used [0x00000000d5580000,0x00000000d56fffd0,0x00000000d5700000)
  from space 2048K, 76% used [0x00000000d5900000,0x00000000d5a88000,0x00000000d5b00000)
  to   space 2048K, 0% used [0x00000000d5700000,0x00000000d5700000,0x00000000d5900000)
 ParOldGen       total 1286144K, used 158110K [0x0000000080000000, 0x00000000ce800000, 0x00000000d5580000)
  object space 1286144K, 12% used [0x0000000080000000,0x0000000089a679c8,0x00000000ce800000)
 Metaspace       used 86498K, committed 87936K, reserved 1179648K
  class space    used 8597K, committed 9280K, reserved 1048576K
}
Event: 2058.009 GC heap after
{Heap after GC invocations=2258 (full 5):
 PSYoungGen      total 3584K, used 1453K [0x00000000d5580000, 0x00000000d5a80000, 0x0000000100000000)
  eden space 1536K, 0% used [0x00000000d5580000,0x00000000d5580000,0x00000000d5700000)
  from space 2048K, 70% used [0x00000000d5700000,0x00000000d586b650,0x00000000d5900000)
  to   space 1536K, 0% used [0x00000000d5900000,0x00000000d5900000,0x00000000d5a80000)
 ParOldGen       total 1286144K, used 159622K [0x0000000080000000, 0x00000000ce800000, 0x00000000d5580000)
  object space 1286144K, 12% used [0x0000000080000000,0x0000000089be19c8,0x00000000ce800000)
 Metaspace       used 86498K, committed 87936K, reserved 1179648K
  class space    used 8597K, committed 9280K, reserved 1048576K
}
Event: 2058.011 GC heap before
{Heap before GC invocations=2259 (full 5):
 PSYoungGen      total 3584K, used 2989K [0x00000000d5580000, 0x00000000d5a80000, 0x0000000100000000)
  eden space 1536K, 99% used [0x00000000d5580000,0x00000000d56fffb0,0x00000000d5700000)
  from space 2048K, 70% used [0x00000000d5700000,0x00000000d586b650,0x00000000d5900000)
  to   space 1536K, 0% used [0x00000000d5900000,0x00000000d5900000,0x00000000d5a80000)
 ParOldGen       total 1286144K, used 159622K [0x0000000080000000, 0x00000000ce800000, 0x00000000d5580000)
  object space 1286144K, 12% used [0x0000000080000000,0x0000000089be19c8,0x00000000ce800000)
 Metaspace       used 86498K, committed 87936K, reserved 1179648K
  class space    used 8597K, committed 9280K, reserved 1048576K
}
Event: 2058.013 GC heap after
{Heap after GC invocations=2259 (full 5):
 PSYoungGen      total 3584K, used 1504K [0x00000000d5580000, 0x00000000d5a80000, 0x0000000100000000)
  eden space 2048K, 0% used [0x00000000d5580000,0x00000000d5580000,0x00000000d5780000)
  from space 1536K, 97% used [0x00000000d5900000,0x00000000d5a78000,0x00000000d5a80000)
  to   space 1536K, 0% used [0x00000000d5780000,0x00000000d5780000,0x00000000d5900000)
 ParOldGen       total 1286144K, used 161012K [0x0000000080000000, 0x00000000ce800000, 0x00000000d5580000)
  object space 1286144K, 12% used [0x0000000080000000,0x0000000089d3d018,0x00000000ce800000)
 Metaspace       used 86498K, committed 87936K, reserved 1179648K
  class space    used 8597K, committed 9280K, reserved 1048576K
}
Event: 2058.018 GC heap before
{Heap before GC invocations=2260 (full 5):
 PSYoungGen      total 3584K, used 3552K [0x00000000d5580000, 0x00000000d5a80000, 0x0000000100000000)
  eden space 2048K, 100% used [0x00000000d5580000,0x00000000d5780000,0x00000000d5780000)
  from space 1536K, 97% used [0x00000000d5900000,0x00000000d5a78000,0x00000000d5a80000)
  to   space 1536K, 0% used [0x00000000d5780000,0x00000000d5780000,0x00000000d5900000)
 ParOldGen       total 1286144K, used 161012K [0x0000000080000000, 0x00000000ce800000, 0x00000000d5580000)
  object space 1286144K, 12% used [0x0000000080000000,0x0000000089d3d018,0x00000000ce800000)
 Metaspace       used 86498K, committed 87936K, reserved 1179648K
  class space    used 8597K, committed 9280K, reserved 1048576K
}
Event: 2058.024 GC heap after
{Heap after GC invocations=2260 (full 5):
 PSYoungGen      total 3584K, used 1536K [0x00000000d5580000, 0x00000000d6000000, 0x0000000100000000)
  eden space 2048K, 0% used [0x00000000d5580000,0x00000000d5580000,0x00000000d5780000)
  from space 1536K, 100% used [0x00000000d5780000,0x00000000d5900000,0x00000000d5900000)
  to   space 4096K, 0% used [0x00000000d5c00000,0x00000000d5c00000,0x00000000d6000000)
 ParOldGen       total 1286144K, used 162780K [0x0000000080000000, 0x00000000ce800000, 0x00000000d5580000)
  object space 1286144K, 12% used [0x0000000080000000,0x0000000089ef7018,0x00000000ce800000)
 Metaspace       used 86498K, committed 87936K, reserved 1179648K
  class space    used 8597K, committed 9280K, reserved 1048576K
}
Event: 2058.027 GC heap before
{Heap before GC invocations=2261 (full 5):
 PSYoungGen      total 3584K, used 3584K [0x00000000d5580000, 0x00000000d6000000, 0x0000000100000000)
  eden space 2048K, 100% used [0x00000000d5580000,0x00000000d5780000,0x00000000d5780000)
  from space 1536K, 100% used [0x00000000d5780000,0x00000000d5900000,0x00000000d5900000)
  to   space 4096K, 0% used [0x00000000d5c00000,0x00000000d5c00000,0x00000000d6000000)
 ParOldGen       total 1286144K, used 162780K [0x0000000080000000, 0x00000000ce800000, 0x00000000d5580000)
  object space 1286144K, 12% used [0x0000000080000000,0x0000000089ef7018,0x00000000ce800000)
 Metaspace       used 86500K, committed 87936K, reserved 1179648K
  class space    used 8597K, committed 9280K, reserved 1048576K
}
Event: 2058.033 GC heap after
{Heap after GC invocations=2261 (full 5):
 PSYoungGen      total 4608K, used 1581K [0x00000000d5580000, 0x00000000d5e00000, 0x0000000100000000)
  eden space 2560K, 0% used [0x00000000d5580000,0x00000000d5580000,0x00000000d5800000)
  from space 2048K, 77% used [0x00000000d5c00000,0x00000000d5d8b650,0x00000000d5e00000)
  to   space 2560K, 0% used [0x00000000d5900000,0x00000000d5900000,0x00000000d5b80000)
 ParOldGen       total 1286144K, used 164298K [0x0000000080000000, 0x00000000ce800000, 0x00000000d5580000)
  object space 1286144K, 12% used [0x0000000080000000,0x000000008a072a58,0x00000000ce800000)
 Metaspace       used 86500K, committed 87936K, reserved 1179648K
  class space    used 8597K, committed 9280K, reserved 1048576K
}
Event: 2058.039 GC heap before
{Heap before GC invocations=2262 (full 5):
 PSYoungGen      total 4608K, used 4131K [0x00000000d5580000, 0x00000000d5e00000, 0x0000000100000000)
  eden space 2560K, 99% used [0x00000000d5580000,0x00000000d57fd988,0x00000000d5800000)
  from space 2048K, 77% used [0x00000000d5c00000,0x00000000d5d8b650,0x00000000d5e00000)
  to   space 2560K, 0% used [0x00000000d5900000,0x00000000d5900000,0x00000000d5b80000)
 ParOldGen       total 1286144K, used 164298K [0x0000000080000000, 0x00000000ce800000, 0x00000000d5580000)
  object space 1286144K, 12% used [0x0000000080000000,0x000000008a072a58,0x00000000ce800000)
 Metaspace       used 86500K, committed 87936K, reserved 1179648K
  class space    used 8597K, committed 9280K, reserved 1048576K
}
Event: 2058.041 GC heap after
{Heap after GC invocations=2262 (full 5):
 PSYoungGen      total 5632K, used 224K [0x00000000d5580000, 0x00000000d5c80000, 0x0000000100000000)
  eden space 3072K, 0% used [0x00000000d5580000,0x00000000d5580000,0x00000000d5880000)
  from space 2560K, 8% used [0x00000000d5900000,0x00000000d5938000,0x00000000d5b80000)
  to   space 1024K, 0% used [0x00000000d5b80000,0x00000000d5b80000,0x00000000d5c80000)
 ParOldGen       total 1286144K, used 164610K [0x0000000080000000, 0x00000000ce800000, 0x00000000d5580000)
  object space 1286144K, 12% used [0x0000000080000000,0x000000008a0c0a58,0x00000000ce800000)
 Metaspace       used 86500K, committed 87936K, reserved 1179648K
  class space    used 8597K, committed 9280K, reserved 1048576K
}
Event: 2058.044 GC heap before
{Heap before GC invocations=2263 (full 5):
 PSYoungGen      total 5632K, used 3296K [0x00000000d5580000, 0x00000000d5c80000, 0x0000000100000000)
  eden space 3072K, 100% used [0x00000000d5580000,0x00000000d5880000,0x00000000d5880000)
  from space 2560K, 8% used [0x00000000d5900000,0x00000000d5938000,0x00000000d5b80000)
  to   space 1024K, 0% used [0x00000000d5b80000,0x00000000d5b80000,0x00000000d5c80000)
 ParOldGen       total 1286144K, used 164610K [0x0000000080000000, 0x00000000ce800000, 0x00000000d5580000)
  object space 1286144K, 12% used [0x0000000080000000,0x000000008a0c0a58,0x00000000ce800000)
 Metaspace       used 86500K, committed 87936K, reserved 1179648K
  class space    used 8597K, committed 9280K, reserved 1048576K
}
Event: 2058.050 GC heap after
{Heap after GC invocations=2263 (full 5):
 PSYoungGen      total 3584K, used 1005K [0x00000000d5580000, 0x00000000d6080000, 0x0000000100000000)
  eden space 2560K, 0% used [0x00000000d5580000,0x00000000d5580000,0x00000000d5800000)
  from space 1024K, 98% used [0x00000000d5b80000,0x00000000d5c7b650,0x00000000d5c80000)
  to   space 3584K, 0% used [0x00000000d5800000,0x00000000d5800000,0x00000000d5b80000)
 ParOldGen       total 1286144K, used 166674K [0x0000000080000000, 0x00000000ce800000, 0x00000000d5580000)
  object space 1286144K, 12% used [0x0000000080000000,0x000000008a2c4a58,0x00000000ce800000)
 Metaspace       used 86500K, committed 87936K, reserved 1179648K
  class space    used 8597K, committed 9280K, reserved 1048576K
}
Event: 2058.509 GC heap before
{Heap before GC invocations=2264 (full 5):
 PSYoungGen      total 3584K, used 3565K [0x00000000d5580000, 0x00000000d6080000, 0x0000000100000000)
  eden space 2560K, 100% used [0x00000000d5580000,0x00000000d5800000,0x00000000d5800000)
  from space 1024K, 98% used [0x00000000d5b80000,0x00000000d5c7b650,0x00000000d5c80000)
  to   space 3584K, 0% used [0x00000000d5800000,0x00000000d5800000,0x00000000d5b80000)
 ParOldGen       total 1286144K, used 166674K [0x0000000080000000, 0x00000000ce800000, 0x00000000d5580000)
  object space 1286144K, 12% used [0x0000000080000000,0x000000008a2c4a58,0x00000000ce800000)
 Metaspace       used 86516K, committed 87936K, reserved 1179648K
  class space    used 8599K, committed 9280K, reserved 1048576K
}
Event: 2058.513 GC heap after
{Heap after GC invocations=2264 (full 5):
 PSYoungGen      total 3584K, used 960K [0x00000000d5580000, 0x00000000d5c80000, 0x0000000100000000)
  eden space 2560K, 0% used [0x00000000d5580000,0x00000000d5580000,0x00000000d5800000)
  from space 1024K, 93% used [0x00000000d5800000,0x00000000d58f0000,0x00000000d5900000)
  to   space 2048K, 0% used [0x00000000d5a80000,0x00000000d5a80000,0x00000000d5c80000)
 ParOldGen       total 1286144K, used 167736K [0x0000000080000000, 0x00000000ce800000, 0x00000000d5580000)
  object space 1286144K, 13% used [0x0000000080000000,0x000000008a3ce0a8,0x00000000ce800000)
 Metaspace       used 86516K, committed 87936K, reserved 1179648K
  class space    used 8599K, committed 9280K, reserved 1048576K
}
Event: 2058.528 GC heap before
{Heap before GC invocations=2265 (full 5):
 PSYoungGen      total 3584K, used 3520K [0x00000000d5580000, 0x00000000d5c80000, 0x0000000100000000)
  eden space 2560K, 100% used [0x00000000d5580000,0x00000000d5800000,0x00000000d5800000)
  from space 1024K, 93% used [0x00000000d5800000,0x00000000d58f0000,0x00000000d5900000)
  to   space 2048K, 0% used [0x00000000d5a80000,0x00000000d5a80000,0x00000000d5c80000)
 ParOldGen       total 1286144K, used 167736K [0x0000000080000000, 0x00000000ce800000, 0x00000000d5580000)
  object space 1286144K, 13% used [0x0000000080000000,0x000000008a3ce0a8,0x00000000ce800000)
 Metaspace       used 86583K, committed 88000K, reserved 1179648K
  class space    used 8608K, committed 9280K, reserved 1048576K
}
Event: 2058.532 GC heap after
{Heap after GC invocations=2265 (full 5):
 PSYoungGen      total 3584K, used 256K [0x00000000d5580000, 0x00000000d5b00000, 0x0000000100000000)
  eden space 3072K, 0% used [0x00000000d5580000,0x00000000d5580000,0x00000000d5880000)
  from space 512K, 50% used [0x00000000d5a80000,0x00000000d5ac0000,0x00000000d5b00000)
  to   space 1024K, 0% used [0x00000000d5900000,0x00000000d5900000,0x00000000d5a00000)
 ParOldGen       total 1286144K, used 168480K [0x0000000080000000, 0x00000000ce800000, 0x00000000d5580000)
  object space 1286144K, 13% used [0x0000000080000000,0x000000008a4880a8,0x00000000ce800000)
 Metaspace       used 86583K, committed 88000K, reserved 1179648K
  class space    used 8608K, committed 9280K, reserved 1048576K
}
Event: 2060.857 GC heap before
{Heap before GC invocations=2266 (full 5):
 PSYoungGen      total 3584K, used 3328K [0x00000000d5580000, 0x00000000d5b00000, 0x0000000100000000)
  eden space 3072K, 100% used [0x00000000d5580000,0x00000000d5880000,0x00000000d5880000)
  from space 512K, 50% used [0x00000000d5a80000,0x00000000d5ac0000,0x00000000d5b00000)
  to   space 1024K, 0% used [0x00000000d5900000,0x00000000d5900000,0x00000000d5a00000)
 ParOldGen       total 1286144K, used 168480K [0x0000000080000000, 0x00000000ce800000, 0x00000000d5580000)
  object space 1286144K, 13% used [0x0000000080000000,0x000000008a4880a8,0x00000000ce800000)
 Metaspace       used 86589K, committed 88000K, reserved 1179648K
  class space    used 8608K, committed 9280K, reserved 1048576K
}
Event: 2060.859 GC heap after
{Heap after GC invocations=2266 (full 5):
 PSYoungGen      total 4608K, used 224K [0x00000000d5580000, 0x00000000d5b00000, 0x0000000100000000)
  eden space 3584K, 0% used [0x00000000d5580000,0x00000000d5580000,0x00000000d5900000)
  from space 1024K, 21% used [0x00000000d5900000,0x00000000d5938000,0x00000000d5a00000)
  to   space 512K, 0% used [0x00000000d5a80000,0x00000000d5a80000,0x00000000d5b00000)
 ParOldGen       total 1286144K, used 168528K [0x0000000080000000, 0x00000000ce800000, 0x00000000d5580000)
  object space 1286144K, 13% used [0x0000000080000000,0x000000008a4940a8,0x00000000ce800000)
 Metaspace       used 86589K, committed 88000K, reserved 1179648K
  class space    used 8608K, committed 9280K, reserved 1048576K
}
Event: 2089.893 GC heap before
{Heap before GC invocations=2267 (full 5):
 PSYoungGen      total 4608K, used 3808K [0x00000000d5580000, 0x00000000d5b00000, 0x0000000100000000)
  eden space 3584K, 100% used [0x00000000d5580000,0x00000000d5900000,0x00000000d5900000)
  from space 1024K, 21% used [0x00000000d5900000,0x00000000d5938000,0x00000000d5a00000)
  to   space 512K, 0% used [0x00000000d5a80000,0x00000000d5a80000,0x00000000d5b00000)
 ParOldGen       total 1286144K, used 168528K [0x0000000080000000, 0x00000000ce800000, 0x00000000d5580000)
  object space 1286144K, 13% used [0x0000000080000000,0x000000008a4940a8,0x00000000ce800000)
 Metaspace       used 86591K, committed 88000K, reserved 1179648K
  class space    used 8608K, committed 9280K, reserved 1048576K
}
Event: 2089.894 GC heap after
{Heap after GC invocations=2267 (full 5):
 PSYoungGen      total 4096K, used 160K [0x00000000d5580000, 0x00000000d5b00000, 0x0000000100000000)
  eden space 3584K, 0% used [0x00000000d5580000,0x00000000d5580000,0x00000000d5900000)
  from space 512K, 31% used [0x00000000d5a80000,0x00000000d5aa8000,0x00000000d5b00000)
  to   space 512K, 0% used [0x00000000d5a00000,0x00000000d5a00000,0x00000000d5a80000)
 ParOldGen       total 1286144K, used 168592K [0x0000000080000000, 0x00000000ce800000, 0x00000000d5580000)
  object space 1286144K, 13% used [0x0000000080000000,0x000000008a4a40a8,0x00000000ce800000)
 Metaspace       used 86591K, committed 88000K, reserved 1179648K
  class space    used 8608K, committed 9280K, reserved 1048576K
}

Dll operation events (12 events):
Event: 0.008 Loaded shared library c:\Users\hp\.vscode\extensions\redhat.java-1.43.1-win32-x64\jre\21.0.7-win32-x86_64\bin\java.dll
Event: 0.075 Loaded shared library c:\Users\hp\.vscode\extensions\redhat.java-1.43.1-win32-x64\jre\21.0.7-win32-x86_64\bin\zip.dll
Event: 0.095 Loaded shared library C:\Users\hp\.vscode\extensions\redhat.java-1.43.1-win32-x64\jre\21.0.7-win32-x86_64\bin\instrument.dll
Event: 0.099 Loaded shared library C:\Users\hp\.vscode\extensions\redhat.java-1.43.1-win32-x64\jre\21.0.7-win32-x86_64\bin\net.dll
Event: 0.100 Loaded shared library C:\Users\hp\.vscode\extensions\redhat.java-1.43.1-win32-x64\jre\21.0.7-win32-x86_64\bin\nio.dll
Event: 0.104 Loaded shared library C:\Users\hp\.vscode\extensions\redhat.java-1.43.1-win32-x64\jre\21.0.7-win32-x86_64\bin\zip.dll
Event: 0.120 Loaded shared library C:\Users\hp\.vscode\extensions\redhat.java-1.43.1-win32-x64\jre\21.0.7-win32-x86_64\bin\jimage.dll
Event: 0.206 Loaded shared library c:\Users\hp\.vscode\extensions\redhat.java-1.43.1-win32-x64\jre\21.0.7-win32-x86_64\bin\verify.dll
Event: 9.006 Loaded shared library C:\Users\hp\AppData\Roaming\Code\User\globalStorage\redhat.java\1.43.1\config_win\org.eclipse.equinox.launcher\org.eclipse.equinox.launcher.win32.win32.x86_64_1.2.1300.v20250331-1702\eclipse_11911.dll
Event: 22.602 Loaded shared library C:\Users\hp\AppData\Local\Temp\jna-3336\jna10275220913124136504.dll
Event: 24.625 Loaded shared library C:\Users\hp\.vscode\extensions\redhat.java-1.43.1-win32-x64\jre\21.0.7-win32-x86_64\bin\sunmscapi.dll
Event: 24.750 Loaded shared library C:\Users\hp\.vscode\extensions\redhat.java-1.43.1-win32-x64\jre\21.0.7-win32-x86_64\bin\extnet.dll

Deoptimization events (20 events):
Event: 2058.003 Thread 0x000002abd8c33570 DEOPT PACKING pc=0x000002ab81bed76d sp=0x000000b7da8fe790
Event: 2058.003 Thread 0x000002abd8c33570 DEOPT UNPACKING pc=0x000002ab875878e2 sp=0x000000b7da8fdd08 mode 0
Event: 2058.016 Thread 0x000002abdaaffc30 DEOPT PACKING pc=0x000002ab81bed7d6 sp=0x000000b7da1fea70
Event: 2058.016 Thread 0x000002abdaaffc30 DEOPT UNPACKING pc=0x000002ab875878e2 sp=0x000000b7da1fdfe8 mode 0
Event: 2058.036 Thread 0x000002abdaaffc30 DEOPT PACKING pc=0x000002ab81bed76d sp=0x000000b7da1fea70
Event: 2058.036 Thread 0x000002abdaaffc30 DEOPT UNPACKING pc=0x000002ab875878e2 sp=0x000000b7da1fdfe8 mode 0
Event: 2058.051 Thread 0x000002abd8c33570 DEOPT PACKING pc=0x000002ab81bed7d6 sp=0x000000b7da8fe790
Event: 2058.051 Thread 0x000002abd8c33570 DEOPT UNPACKING pc=0x000002ab875878e2 sp=0x000000b7da8fdd08 mode 0
Event: 2058.520 Thread 0x000002abd8c33570 Uncommon trap: trap_request=0xffffff45 fr.pc=0x000002ab88d37e0c relative=0x00000000000060ac
Event: 2058.520 Thread 0x000002abd8c33570 Uncommon trap: reason=unstable_if action=reinterpret pc=0x000002ab88d37e0c method=org.eclipse.jdt.internal.core.dom.rewrite.RewriteEventStore.getNodeCopySources(Lorg/eclipse/jdt/core/dom/ASTNode;)[Lorg/eclipse/jdt/internal/core/dom/rewrite/RewriteEventSto
Event: 2058.520 Thread 0x000002abd8c33570 DEOPT PACKING pc=0x000002ab88d37e0c sp=0x000000b7da8fe190
Event: 2058.520 Thread 0x000002abd8c33570 DEOPT UNPACKING pc=0x000002ab87586da2 sp=0x000000b7da8fdf38 mode 2
Event: 2058.520 Thread 0x000002abd8c33570 Uncommon trap: trap_request=0xffffff45 fr.pc=0x000002ab88d458cc relative=0x00000000000050ac
Event: 2058.520 Thread 0x000002abd8c33570 Uncommon trap: reason=unstable_if action=reinterpret pc=0x000002ab88d458cc method=org.eclipse.jdt.internal.core.dom.rewrite.RewriteEventStore.getNodeCopySources(Lorg/eclipse/jdt/core/dom/ASTNode;)[Lorg/eclipse/jdt/internal/core/dom/rewrite/RewriteEventSto
Event: 2058.520 Thread 0x000002abd8c33570 DEOPT PACKING pc=0x000002ab88d458cc sp=0x000000b7da8fe110
Event: 2058.520 Thread 0x000002abd8c33570 DEOPT UNPACKING pc=0x000002ab87586da2 sp=0x000000b7da8fdf30 mode 2
Event: 2058.537 Thread 0x000002abd8c33570 Uncommon trap: trap_request=0xffffff45 fr.pc=0x000002ab88cf7df4 relative=0x00000000000000d4
Event: 2058.537 Thread 0x000002abd8c33570 Uncommon trap: reason=unstable_if action=reinterpret pc=0x000002ab88cf7df4 method=java.lang.StringConcatHelper.prepend(J[BCLjava/lang/String;)J @ 9 c2
Event: 2058.537 Thread 0x000002abd8c33570 DEOPT PACKING pc=0x000002ab88cf7df4 sp=0x000000b7da8fe650
Event: 2058.537 Thread 0x000002abd8c33570 DEOPT UNPACKING pc=0x000002ab87586da2 sp=0x000000b7da8fe5e8 mode 2

Classes loaded (20 events):
Event: 539.965 Loading class java/nio/channels/CompletionHandler
Event: 539.965 Loading class java/nio/channels/CompletionHandler done
Event: 563.173 Loading class jdk/internal/icu/text/NormalizerBase$NFCModeImpl
Event: 563.173 Loading class jdk/internal/icu/text/NormalizerBase$NFCModeImpl done
Event: 563.173 Loading class jdk/internal/icu/impl/Norm2AllModes$NFCSingleton
Event: 563.173 Loading class jdk/internal/icu/impl/Norm2AllModes$NFCSingleton done
Event: 563.174 Loading class java/nio/StringCharBuffer
Event: 563.174 Loading class java/nio/StringCharBuffer done
Event: 568.476 Loading class java/util/stream/ReferencePipeline$15
Event: 568.476 Loading class java/util/stream/ReferencePipeline$15 done
Event: 568.477 Loading class java/util/stream/ReferencePipeline$15$1
Event: 568.477 Loading class java/util/stream/ReferencePipeline$15$1 done
Event: 1643.389 Loading class java/util/Collections$EmptyListIterator
Event: 1643.390 Loading class java/util/Collections$EmptyListIterator done
Event: 1871.744 Loading class java/lang/StringLatin1$LinesSpliterator
Event: 1871.745 Loading class java/lang/StringLatin1$LinesSpliterator done
Event: 1973.511 Loading class java/util/Scanner
Event: 1973.512 Loading class java/util/Scanner done
Event: 1973.514 Loading class java/util/HashMap$EntrySpliterator
Event: 1973.515 Loading class java/util/HashMap$EntrySpliterator done

Classes unloaded (20 events):
Event: 1933.285 Thread 0x000002abfac00630 Unloading class 0x000002ab94017400 'java/lang/invoke/LambdaForm$MH+0x000002ab94017400'
Event: 1933.285 Thread 0x000002abfac00630 Unloading class 0x000002ab94016400 'java/lang/invoke/LambdaForm$MH+0x000002ab94016400'
Event: 1933.285 Thread 0x000002abfac00630 Unloading class 0x000002ab9400d800 'java/lang/invoke/LambdaForm$MH+0x000002ab9400d800'
Event: 1933.286 Thread 0x000002abfac00630 Unloading class 0x000002ab9400d400 'java/lang/invoke/LambdaForm$MH+0x000002ab9400d400'
Event: 1933.286 Thread 0x000002abfac00630 Unloading class 0x000002ab9400d000 'java/lang/invoke/LambdaForm$MH+0x000002ab9400d000'
Event: 1933.286 Thread 0x000002abfac00630 Unloading class 0x000002ab9400cc00 'java/lang/invoke/LambdaForm$MH+0x000002ab9400cc00'
Event: 1933.286 Thread 0x000002abfac00630 Unloading class 0x000002ab9400c800 'java/lang/invoke/LambdaForm$BMH+0x000002ab9400c800'
Event: 1933.286 Thread 0x000002abfac00630 Unloading class 0x000002ab9400c000 'java/lang/invoke/LambdaForm$DMH+0x000002ab9400c000'
Event: 1933.286 Thread 0x000002abfac00630 Unloading class 0x000002ab94008400 'java/lang/invoke/LambdaForm$MH+0x000002ab94008400'
Event: 1933.286 Thread 0x000002abfac00630 Unloading class 0x000002ab94008000 'java/lang/invoke/LambdaForm$MH+0x000002ab94008000'
Event: 1933.286 Thread 0x000002abfac00630 Unloading class 0x000002ab94007c00 'java/lang/invoke/LambdaForm$MH+0x000002ab94007c00'
Event: 1933.286 Thread 0x000002abfac00630 Unloading class 0x000002ab94006800 'java/lang/invoke/LambdaForm$MH+0x000002ab94006800'
Event: 1933.286 Thread 0x000002abfac00630 Unloading class 0x000002ab94006000 'java/lang/invoke/LambdaForm$MH+0x000002ab94006000'
Event: 1933.286 Thread 0x000002abfac00630 Unloading class 0x000002ab94005c00 'java/lang/invoke/LambdaForm$MH+0x000002ab94005c00'
Event: 1933.286 Thread 0x000002abfac00630 Unloading class 0x000002ab94005800 'java/lang/invoke/LambdaForm$MH+0x000002ab94005800'
Event: 1933.286 Thread 0x000002abfac00630 Unloading class 0x000002ab94005400 'java/lang/invoke/LambdaForm$BMH+0x000002ab94005400'
Event: 1933.286 Thread 0x000002abfac00630 Unloading class 0x000002ab94004000 'java/lang/invoke/LambdaForm$DMH+0x000002ab94004000'
Event: 1933.286 Thread 0x000002abfac00630 Unloading class 0x000002ab94002400 'java/lang/invoke/LambdaForm$MH+0x000002ab94002400'
Event: 1933.286 Thread 0x000002abfac00630 Unloading class 0x000002ab94002000 'java/lang/invoke/LambdaForm$MH+0x000002ab94002000'
Event: 1933.286 Thread 0x000002abfac00630 Unloading class 0x000002ab94001800 'java/lang/invoke/LambdaForm$MH+0x000002ab94001800'

Classes redefined (0 events):
No events

Internal exceptions (20 events):
Event: 1932.344 Thread 0x000002abd8c32850 Exception <a 'sun/nio/fs/WindowsException'{0x00000000d560cd18}> (0x00000000d560cd18) 
thrown [s\src\hotspot\share\prims\jni.cpp, line 520]
Event: 1933.128 Thread 0x000002abdbf5a0a0 Exception <a 'java/lang/ArrayIndexOutOfBoundsException'{0x00000000d57d3728}: Index 1001 out of bounds for length 1001> (0x00000000d57d3728) 
thrown [s\src\hotspot\share\interpreter\interpreterRuntime.cpp, line 439]
Event: 1933.128 Thread 0x000002abdbf5a0a0 Exception <a 'java/lang/ArrayIndexOutOfBoundsException'{0x00000000d57d3fb0}: Index 1001 out of bounds for length 1001> (0x00000000d57d3fb0) 
thrown [s\src\hotspot\share\interpreter\interpreterRuntime.cpp, line 439]
Event: 1933.128 Thread 0x000002abdbf5a0a0 Exception <a 'java/lang/ArrayIndexOutOfBoundsException'{0x00000000d57d4338}: Index 1002 out of bounds for length 1001> (0x00000000d57d4338) 
thrown [s\src\hotspot\share\interpreter\interpreterRuntime.cpp, line 439]
Event: 1935.095 Thread 0x000002abdbf5a0a0 Exception <a 'java/lang/ArrayIndexOutOfBoundsException'{0x00000000d57d7c88}> (0x00000000d57d7c88) 
thrown [s\src\hotspot\share\runtime\sharedRuntime.cpp, line 625]
Event: 1935.095 Thread 0x000002abdbf5a0a0 Exception <a 'java/lang/ArrayIndexOutOfBoundsException'{0x00000000d57d8510}> (0x00000000d57d8510) 
thrown [s\src\hotspot\share\runtime\sharedRuntime.cpp, line 625]
Event: 1935.095 Thread 0x000002abdbf5a0a0 Exception <a 'java/lang/ArrayIndexOutOfBoundsException'{0x00000000d57d8898}> (0x00000000d57d8898) 
thrown [s\src\hotspot\share\runtime\sharedRuntime.cpp, line 625]
Event: 1939.102 Thread 0x000002abd8c32850 Exception <a 'sun/nio/fs/WindowsException'{0x00000000d560a850}> (0x00000000d560a850) 
thrown [s\src\hotspot\share\prims\jni.cpp, line 520]
Event: 1939.170 Thread 0x000002abd8c32850 Exception <a 'sun/nio/fs/WindowsException'{0x00000000d56259b8}> (0x00000000d56259b8) 
thrown [s\src\hotspot\share\prims\jni.cpp, line 520]
Event: 1966.447 Thread 0x000002abd8c32850 Exception <a 'sun/nio/fs/WindowsException'{0x00000000d55ad328}> (0x00000000d55ad328) 
thrown [s\src\hotspot\share\prims\jni.cpp, line 520]
Event: 1966.515 Thread 0x000002abd8c32850 Exception <a 'sun/nio/fs/WindowsException'{0x00000000d571d650}> (0x00000000d571d650) 
thrown [s\src\hotspot\share\prims\jni.cpp, line 520]
Event: 1966.543 Thread 0x000002abdaafa050 Exception <a 'sun/nio/fs/WindowsException'{0x00000000d5773348}> (0x00000000d5773348) 
thrown [s\src\hotspot\share\prims\jni.cpp, line 520]
Event: 1973.474 Thread 0x000002abdaafdb60 Implicit null exception at 0x000002ab8815c4b9 to 0x000002ab8815c724
Event: 1990.356 Thread 0x000002abd8c32850 Exception <a 'sun/nio/fs/WindowsException'{0x00000000d571dc18}> (0x00000000d571dc18) 
thrown [s\src\hotspot\share\prims\jni.cpp, line 520]
Event: 1990.529 Thread 0x000002abd8c32850 Exception <a 'sun/nio/fs/WindowsException'{0x00000000d55a5940}> (0x00000000d55a5940) 
thrown [s\src\hotspot\share\prims\jni.cpp, line 520]
Event: 2007.210 Thread 0x000002abdbf5a0a0 Exception <a 'java/lang/ArrayIndexOutOfBoundsException'{0x00000000d57eeca0}> (0x00000000d57eeca0) 
thrown [s\src\hotspot\share\runtime\sharedRuntime.cpp, line 625]
Event: 2008.233 Thread 0x000002abd8c32850 Exception <a 'sun/nio/fs/WindowsException'{0x00000000d5634a40}> (0x00000000d5634a40) 
thrown [s\src\hotspot\share\prims\jni.cpp, line 520]
Event: 2008.340 Thread 0x000002abd8c32850 Exception <a 'sun/nio/fs/WindowsException'{0x00000000d5656dd8}> (0x00000000d5656dd8) 
thrown [s\src\hotspot\share\prims\jni.cpp, line 520]
Event: 2058.520 Thread 0x000002abd8c33570 Implicit null exception at 0x000002ab88d321dd to 0x000002ab88d37de0
Event: 2058.520 Thread 0x000002abd8c33570 Implicit null exception at 0x000002ab88d41e4d to 0x000002ab88d458b0

ZGC Phase Switch (0 events):
No events

VM Operations (20 events):
Event: 2058.027 Executing VM operation: ParallelGCFailedAllocation (Allocation Failure)
Event: 2058.033 Executing VM operation: ParallelGCFailedAllocation (Allocation Failure) done
Event: 2058.039 Executing VM operation: ParallelGCFailedAllocation (Allocation Failure)
Event: 2058.041 Executing VM operation: ParallelGCFailedAllocation (Allocation Failure) done
Event: 2058.044 Executing VM operation: ParallelGCFailedAllocation (Allocation Failure)
Event: 2058.050 Executing VM operation: ParallelGCFailedAllocation (Allocation Failure) done
Event: 2058.509 Executing VM operation: ParallelGCFailedAllocation (Allocation Failure)
Event: 2058.513 Executing VM operation: ParallelGCFailedAllocation (Allocation Failure) done
Event: 2058.528 Executing VM operation: ParallelGCFailedAllocation (Allocation Failure)
Event: 2058.532 Executing VM operation: ParallelGCFailedAllocation (Allocation Failure) done
Event: 2059.535 Executing VM operation: Cleanup
Event: 2059.535 Executing VM operation: Cleanup done
Event: 2060.857 Executing VM operation: ParallelGCFailedAllocation (Allocation Failure)
Event: 2060.860 Executing VM operation: ParallelGCFailedAllocation (Allocation Failure) done
Event: 2068.939 Executing VM operation: Cleanup
Event: 2068.939 Executing VM operation: Cleanup done
Event: 2084.948 Executing VM operation: Cleanup
Event: 2084.948 Executing VM operation: Cleanup done
Event: 2089.893 Executing VM operation: ParallelGCFailedAllocation (Allocation Failure)
Event: 2089.894 Executing VM operation: ParallelGCFailedAllocation (Allocation Failure) done

Memory protections (0 events):
No events

Nmethod flushes (20 events):
Event: 1933.428 Thread 0x000002abfac00630 flushing  nmethod 0x000002ab81db7090
Event: 1933.428 Thread 0x000002abfac00630 flushing  nmethod 0x000002ab81db8590
Event: 1933.428 Thread 0x000002abfac00630 flushing  nmethod 0x000002ab81e0b890
Event: 1933.428 Thread 0x000002abfac00630 flushing  nmethod 0x000002ab81e0d910
Event: 1933.428 Thread 0x000002abfac00630 flushing  nmethod 0x000002ab81e76e10
Event: 1933.428 Thread 0x000002abfac00630 flushing  nmethod 0x000002ab81e79b10
Event: 1933.428 Thread 0x000002abfac00630 flushing  nmethod 0x000002ab81e86810
Event: 1933.428 Thread 0x000002abfac00630 flushing  nmethod 0x000002ab81ea9810
Event: 1933.428 Thread 0x000002abfac00630 flushing  nmethod 0x000002ab81edbe90
Event: 1933.428 Thread 0x000002abfac00630 flushing  nmethod 0x000002ab81f1cf10
Event: 1933.428 Thread 0x000002abfac00630 flushing osr nmethod 0x000002ab81f7ce90
Event: 1933.428 Thread 0x000002abfac00630 flushing  nmethod 0x000002ab81f82a90
Event: 1933.428 Thread 0x000002abfac00630 flushing  nmethod 0x000002ab81f83e10
Event: 1933.428 Thread 0x000002abfac00630 flushing  nmethod 0x000002ab82089d10
Event: 1933.428 Thread 0x000002abfac00630 flushing  nmethod 0x000002ab820b4d10
Event: 1933.428 Thread 0x000002abfac00630 flushing  nmethod 0x000002ab820c3710
Event: 1933.428 Thread 0x000002abfac00630 flushing  nmethod 0x000002ab82196210
Event: 1933.428 Thread 0x000002abfac00630 flushing  nmethod 0x000002ab82199490
Event: 1933.428 Thread 0x000002abfac00630 flushing  nmethod 0x000002ab821a9190
Event: 1933.428 Thread 0x000002abfac00630 flushing  nmethod 0x000002ab821f3390

Events (20 events):
Event: 1643.221 Thread 0x000002abdbf5a0a0 Thread added: 0x000002abdbf55f00
Event: 1643.372 Thread 0x000002abe73d7c80 Thread exited: 0x000002abe73d7c80
Event: 1644.440 Thread 0x000002abfaaf0ee0 Thread added: 0x000002abe73d23f0
Event: 1644.677 Thread 0x000002abe73d23f0 Thread exited: 0x000002abe73d23f0
Event: 1646.451 Thread 0x000002abdaafa050 Thread added: 0x000002abdbf544c0
Event: 1660.957 Thread 0x000002abdaafa050 Thread added: 0x000002abdbf54b50
Event: 1664.853 Thread 0x000002abdaafd4d0 Thread added: 0x000002abdbf57940
Event: 1664.985 Thread 0x000002abdaafd4d0 Thread added: 0x000002abdbf57fd0
Event: 1695.774 Thread 0x000002abdaaffc30 Thread added: 0x000002abdbf58660
Event: 1703.434 Thread 0x000002abdbf55f00 Thread exited: 0x000002abdbf55f00
Event: 1846.736 Thread 0x000002abdaafd4d0 Thread exited: 0x000002abdaafd4d0
Event: 1871.280 Thread 0x000002abfaaf0ee0 Thread added: 0x000002abe73d3190
Event: 1871.707 Thread 0x000002abfaaf0ee0 Thread added: 0x000002abe73d3f30
Event: 1876.770 Thread 0x000002abe73d3f30 Thread exited: 0x000002abe73d3f30
Event: 1881.783 Thread 0x000002abe73d3190 Thread exited: 0x000002abe73d3190
Event: 1930.399 Thread 0x000002abdbf57fd0 Thread added: 0x000002abd8c31b30
Event: 1930.400 Thread 0x000002abd8c31b30 Thread exited: 0x000002abd8c31b30
Event: 1933.592 Thread 0x000002abdbf5a0a0 Thread added: 0x000002abd8c33570
Event: 2068.339 Thread 0x000002abdaaf9330 Thread exited: 0x000002abdaaf9330
Event: 2068.770 Thread 0x000002abdaafa050 Thread exited: 0x000002abdaafa050


Dynamic libraries:
0x00007ff6b6300000 - 0x00007ff6b630e000 	c:\Users\hp\.vscode\extensions\redhat.java-1.43.1-win32-x64\jre\21.0.7-win32-x86_64\bin\java.exe
0x00007ffe4d1d0000 - 0x00007ffe4d3e7000 	C:\WINDOWS\SYSTEM32\ntdll.dll
0x00007ffe4b6b0000 - 0x00007ffe4b774000 	C:\WINDOWS\System32\KERNEL32.DLL
0x00007ffe4a500000 - 0x00007ffe4a8d2000 	C:\WINDOWS\System32\KERNELBASE.dll
0x00007ffe4ab80000 - 0x00007ffe4ac91000 	C:\WINDOWS\System32\ucrtbase.dll
0x00007ffde9a90000 - 0x00007ffde9aae000 	c:\Users\hp\.vscode\extensions\redhat.java-1.43.1-win32-x64\jre\21.0.7-win32-x86_64\bin\VCRUNTIME140.dll
0x00007ffe380d0000 - 0x00007ffe380e8000 	c:\Users\hp\.vscode\extensions\redhat.java-1.43.1-win32-x64\jre\21.0.7-win32-x86_64\bin\jli.dll
0x00007ffe4b330000 - 0x00007ffe4b4e1000 	C:\WINDOWS\System32\USER32.dll
0x00007ffe4a2c0000 - 0x00007ffe4a2e6000 	C:\WINDOWS\System32\win32u.dll
0x00007ffe36a80000 - 0x00007ffe36d1b000 	C:\WINDOWS\WinSxS\amd64_microsoft.windows.common-controls_6595b64144ccf1df_6.0.22621.5547_none_27104afb73855772\COMCTL32.dll
0x00007ffe4c650000 - 0x00007ffe4c6f7000 	C:\WINDOWS\System32\msvcrt.dll
0x00007ffe4ae70000 - 0x00007ffe4ae99000 	C:\WINDOWS\System32\GDI32.dll
0x00007ffe4aa50000 - 0x00007ffe4ab73000 	C:\WINDOWS\System32\gdi32full.dll
0x00007ffe4a2f0000 - 0x00007ffe4a38a000 	C:\WINDOWS\System32\msvcp_win.dll
0x00007ffe4c0d0000 - 0x00007ffe4c101000 	C:\WINDOWS\System32\IMM32.DLL
0x00007ffe45c90000 - 0x00007ffe45c9c000 	c:\Users\hp\.vscode\extensions\redhat.java-1.43.1-win32-x64\jre\21.0.7-win32-x86_64\bin\vcruntime140_1.dll
0x00007ffde7ae0000 - 0x00007ffde7b6d000 	c:\Users\hp\.vscode\extensions\redhat.java-1.43.1-win32-x64\jre\21.0.7-win32-x86_64\bin\msvcp140.dll
0x00007ffdb6960000 - 0x00007ffdb76f0000 	c:\Users\hp\.vscode\extensions\redhat.java-1.43.1-win32-x64\jre\21.0.7-win32-x86_64\bin\server\jvm.dll
0x00007ffe4c110000 - 0x00007ffe4c1c1000 	C:\WINDOWS\System32\ADVAPI32.dll
0x00007ffe4b780000 - 0x00007ffe4b828000 	C:\WINDOWS\System32\sechost.dll
0x00007ffe4a9a0000 - 0x00007ffe4a9c8000 	C:\WINDOWS\System32\bcrypt.dll
0x00007ffe4bb30000 - 0x00007ffe4bc44000 	C:\WINDOWS\System32\RPCRT4.dll
0x00007ffe4c050000 - 0x00007ffe4c0c1000 	C:\WINDOWS\System32\WS2_32.dll
0x00007ffe45ab0000 - 0x00007ffe45ae4000 	C:\WINDOWS\SYSTEM32\WINMM.dll
0x00007ffe4a1a0000 - 0x00007ffe4a1ed000 	C:\WINDOWS\SYSTEM32\POWRPROF.dll
0x00007ffe449d0000 - 0x00007ffe449da000 	C:\WINDOWS\SYSTEM32\VERSION.dll
0x00007ffe4a180000 - 0x00007ffe4a193000 	C:\WINDOWS\SYSTEM32\UMPDC.dll
0x00007ffe492f0000 - 0x00007ffe49308000 	C:\WINDOWS\SYSTEM32\kernel.appcore.dll
0x00007ffdfa8e0000 - 0x00007ffdfa8ea000 	c:\Users\hp\.vscode\extensions\redhat.java-1.43.1-win32-x64\jre\21.0.7-win32-x86_64\bin\jimage.dll
0x00007ffe47dd0000 - 0x00007ffe48003000 	C:\WINDOWS\SYSTEM32\DBGHELP.DLL
0x00007ffe4bc50000 - 0x00007ffe4bfe3000 	C:\WINDOWS\System32\combase.dll
0x00007ffe4b830000 - 0x00007ffe4b907000 	C:\WINDOWS\System32\OLEAUT32.dll
0x00007ffe21c50000 - 0x00007ffe21c82000 	C:\WINDOWS\SYSTEM32\dbgcore.DLL
0x00007ffe4aca0000 - 0x00007ffe4ad1b000 	C:\WINDOWS\System32\bcryptPrimitives.dll
0x00007ffdfa5e0000 - 0x00007ffdfa5ef000 	c:\Users\hp\.vscode\extensions\redhat.java-1.43.1-win32-x64\jre\21.0.7-win32-x86_64\bin\instrument.dll
0x00007ffde9460000 - 0x00007ffde947f000 	c:\Users\hp\.vscode\extensions\redhat.java-1.43.1-win32-x64\jre\21.0.7-win32-x86_64\bin\java.dll
0x00007ffe4c8e0000 - 0x00007ffe4d182000 	C:\WINDOWS\System32\SHELL32.dll
0x00007ffe4ad20000 - 0x00007ffe4ae5f000 	C:\WINDOWS\System32\wintypes.dll
0x00007ffe481f0000 - 0x00007ffe48b0d000 	C:\WINDOWS\SYSTEM32\windows.storage.dll
0x00007ffe4b210000 - 0x00007ffe4b31c000 	C:\WINDOWS\System32\SHCORE.dll
0x00007ffe4c870000 - 0x00007ffe4c8d9000 	C:\WINDOWS\System32\shlwapi.dll
0x00007ffe4a1f0000 - 0x00007ffe4a21b000 	C:\WINDOWS\SYSTEM32\profapi.dll
0x00007ffde91f0000 - 0x00007ffde9208000 	c:\Users\hp\.vscode\extensions\redhat.java-1.43.1-win32-x64\jre\21.0.7-win32-x86_64\bin\zip.dll
0x00007ffdf3ae0000 - 0x00007ffdf3af0000 	C:\Users\hp\.vscode\extensions\redhat.java-1.43.1-win32-x64\jre\21.0.7-win32-x86_64\bin\net.dll
0x00007ffe46e40000 - 0x00007ffe46f6c000 	C:\WINDOWS\SYSTEM32\WINHTTP.dll
0x00007ffe49770000 - 0x00007ffe497d9000 	C:\WINDOWS\system32\mswsock.dll
0x00007ffde8aa0000 - 0x00007ffde8ab6000 	C:\Users\hp\.vscode\extensions\redhat.java-1.43.1-win32-x64\jre\21.0.7-win32-x86_64\bin\nio.dll
0x00007ffdf2660000 - 0x00007ffdf2670000 	c:\Users\hp\.vscode\extensions\redhat.java-1.43.1-win32-x64\jre\21.0.7-win32-x86_64\bin\verify.dll
0x00007ffde6b90000 - 0x00007ffde6bd5000 	C:\Users\hp\AppData\Roaming\Code\User\globalStorage\redhat.java\1.43.1\config_win\org.eclipse.equinox.launcher\org.eclipse.equinox.launcher.win32.win32.x86_64_1.2.1300.v20250331-1702\eclipse_11911.dll
0x00007ffe4aea0000 - 0x00007ffe4b040000 	C:\WINDOWS\System32\ole32.dll
0x00007ffe499d0000 - 0x00007ffe499eb000 	C:\WINDOWS\SYSTEM32\CRYPTSP.dll
0x00007ffe49250000 - 0x00007ffe49287000 	C:\WINDOWS\system32\rsaenh.dll
0x00007ffe49860000 - 0x00007ffe49888000 	C:\WINDOWS\SYSTEM32\USERENV.dll
0x00007ffe499c0000 - 0x00007ffe499cc000 	C:\WINDOWS\SYSTEM32\CRYPTBASE.dll
0x00007ffe48d60000 - 0x00007ffe48d8d000 	C:\WINDOWS\SYSTEM32\IPHLPAPI.DLL
0x00007ffe4c860000 - 0x00007ffe4c869000 	C:\WINDOWS\System32\NSI.dll
0x00007ffde3bf0000 - 0x00007ffde3c39000 	C:\Users\hp\AppData\Local\Temp\jna-3336\jna10275220913124136504.dll
0x00007ffe4b5a0000 - 0x00007ffe4b5a8000 	C:\WINDOWS\System32\PSAPI.DLL
0x00007ffe459d0000 - 0x00007ffe459e9000 	C:\WINDOWS\SYSTEM32\dhcpcsvc6.DLL
0x00007ffe459b0000 - 0x00007ffe459cf000 	C:\WINDOWS\SYSTEM32\dhcpcsvc.DLL
0x00007ffdf1f90000 - 0x00007ffdf1f9e000 	C:\Users\hp\.vscode\extensions\redhat.java-1.43.1-win32-x64\jre\21.0.7-win32-x86_64\bin\sunmscapi.dll
0x00007ffe4a390000 - 0x00007ffe4a4f7000 	C:\WINDOWS\System32\CRYPT32.dll
0x00007ffe49b80000 - 0x00007ffe49bad000 	C:\WINDOWS\SYSTEM32\ncrypt.dll
0x00007ffe49b40000 - 0x00007ffe49b77000 	C:\WINDOWS\SYSTEM32\NTASN1.dll
0x00007ffe48d90000 - 0x00007ffe48e88000 	C:\WINDOWS\SYSTEM32\DNSAPI.dll
0x00007ffe45910000 - 0x00007ffe4591a000 	C:\Windows\System32\rasadhlp.dll
0x00007ffe45220000 - 0x00007ffe452a4000 	C:\WINDOWS\System32\fwpuclnt.dll
0x00007ffded1b0000 - 0x00007ffded1b9000 	C:\Users\hp\.vscode\extensions\redhat.java-1.43.1-win32-x64\jre\21.0.7-win32-x86_64\bin\extnet.dll

dbghelp: loaded successfully - version: 4.0.5 - missing functions: none
symbol engine: initialized successfully - sym options: 0x614 - pdb path: .;c:\Users\hp\.vscode\extensions\redhat.java-1.43.1-win32-x64\jre\21.0.7-win32-x86_64\bin;C:\WINDOWS\SYSTEM32;C:\WINDOWS\WinSxS\amd64_microsoft.windows.common-controls_6595b64144ccf1df_6.0.22621.5547_none_27104afb73855772;c:\Users\hp\.vscode\extensions\redhat.java-1.43.1-win32-x64\jre\21.0.7-win32-x86_64\bin\server;C:\Users\hp\AppData\Roaming\Code\User\globalStorage\redhat.java\1.43.1\config_win\org.eclipse.equinox.launcher\org.eclipse.equinox.launcher.win32.win32.x86_64_1.2.1300.v20250331-1702;C:\Users\hp\AppData\Local\Temp\jna-3336

VM Arguments:
jvm_args: --add-modules=ALL-SYSTEM --add-opens=java.base/java.util=ALL-UNNAMED --add-opens=java.base/java.lang=ALL-UNNAMED --add-opens=java.base/sun.nio.fs=ALL-UNNAMED -Declipse.application=org.eclipse.jdt.ls.core.id1 -Dosgi.bundles.defaultStartLevel=4 -Declipse.product=org.eclipse.jdt.ls.core.product -Djava.import.generatesMetadataFilesAtProjectRoot=false -DDetectVMInstallationsJob.disabled=true -Dfile.encoding=utf8 -XX:+UseParallelGC -XX:GCTimeRatio=4 -XX:AdaptiveSizePolicyWeight=90 -Dsun.zip.disableMemoryMapping=true -Xmx2G -Xms100m -Xlog:disable -javaagent:c:\Users\hp\.vscode\extensions\redhat.java-1.43.1-win32-x64\lombok\lombok-1.18.39-4050.jar -XX:+HeapDumpOnOutOfMemoryError -XX:HeapDumpPath=c:\Users\hp\AppData\Roaming\Code\User\workspaceStorage\6ce4dc90c718fc702e6d1fa3097fe2e2\redhat.java -Daether.dependencyCollector.impl=bf 
java_command: c:\Users\hp\.vscode\extensions\redhat.java-1.43.1-win32-x64\server\plugins\org.eclipse.equinox.launcher_1.7.0.v20250519-0528.jar -configuration c:\Users\hp\AppData\Roaming\Code\User\globalStorage\redhat.java\1.43.1\config_win -data c:\Users\hp\AppData\Roaming\Code\User\workspaceStorage\6ce4dc90c718fc702e6d1fa3097fe2e2\redhat.java\jdt_ws --pipe=\\.\pipe\lsp-1d3bf08c4988b574f01e642e500e966d-sock
java_class_path (initial): c:\Users\hp\.vscode\extensions\redhat.java-1.43.1-win32-x64\server\plugins\org.eclipse.equinox.launcher_1.7.0.v20250519-0528.jar
Launcher Type: SUN_STANDARD

[Global flags]
    uintx AdaptiveSizePolicyWeight                 = 90                                        {product} {command line}
     intx CICompilerCount                          = 4                                         {product} {ergonomic}
    uintx GCTimeRatio                              = 4                                         {product} {command line}
     bool HeapDumpOnOutOfMemoryError               = true                                   {manageable} {command line}
    ccstr HeapDumpPath                             = c:\Users\hp\AppData\Roaming\Code\User\workspaceStorage\6ce4dc90c718fc702e6d1fa3097fe2e2\redhat.java         {manageable} {command line}
   size_t InitialHeapSize                          = 104857600                                 {product} {command line}
   size_t MaxHeapSize                              = 2147483648                                {product} {command line}
   size_t MaxNewSize                               = 715653120                                 {product} {ergonomic}
   size_t MinHeapDeltaBytes                        = 524288                                    {product} {ergonomic}
   size_t MinHeapSize                              = 104857600                                 {product} {command line}
   size_t NewSize                                  = 34603008                                  {product} {ergonomic}
    uintx NonNMethodCodeHeapSize                   = 5839372                                {pd product} {ergonomic}
    uintx NonProfiledCodeHeapSize                  = 122909434                              {pd product} {ergonomic}
   size_t OldSize                                  = 70254592                                  {product} {ergonomic}
    uintx ProfiledCodeHeapSize                     = 122909434                              {pd product} {ergonomic}
    uintx ReservedCodeCacheSize                    = 251658240                              {pd product} {ergonomic}
     bool SegmentedCodeCache                       = true                                      {product} {ergonomic}
   size_t SoftMaxHeapSize                          = 2147483648                             {manageable} {ergonomic}
     bool UseCompressedOops                        = true                           {product lp64_product} {ergonomic}
     bool UseLargePagesIndividualAllocation        = false                                  {pd product} {ergonomic}
     bool UseParallelGC                            = true                                      {product} {command line}

Logging:
Log output configuration:
 #0: stdout all=off uptime,level,tags foldmultilines=false
 #1: stderr all=off uptime,level,tags foldmultilines=false

Environment Variables:
JAVA_HOME=D:\roject\jdk-23.0.2
PATH=D:\roject\jdk-23.0.2\bin;C:\WINDOWS\system32;C:\WINDOWS;C:\WINDOWS\System32\Wbem;C:\WINDOWS\System32\WindowsPowerShell\v1.0\;C:\WINDOWS\System32\OpenSSH\;C:\Program Files\Git\cmd;C:\composer;C:\Program Files\dotnet\;C:\Program Files (x86)\cloudflared\.;C:\Program Files (x86)\Microsoft SQL Server\160\Tools\Binn\;C:\Program Files\Microsoft SQL Server\160\Tools\Binn\;C:\Program Files\Microsoft SQL Server\Client SDK\ODBC\170\Tools\Binn\;C:\Program Files\Microsoft SQL Server\160\DTS\Binn\;C:\Users\hp\AppData\Local\Programs\Python\Python310\Scripts\;C:\Users\hp\AppData\Local\Programs\Python\Python310\;C:\Users\hp\AppData\Local\Microsoft\WindowsApps;C:\Users\hp\AppData\Local\Programs\Microsoft VS Code\bin;D:\Latex\flutter_windows_3.32.7-stable\flutter\bin;C:\laragon\bin\php\php-8;C:\Users\hp\AppData\Roaming\Composer\vendor\bin;C:\Users\hp\AppData\Local\Pub\Cache\bin;C:\android\;C:\android\cmdline-tools\tools\bin\;C:\Users\hp\AppData\Local\Programs\oh-my-posh\bin;C:\Users\hp\AppData\Local\Microsoft\WinGet\Links;C:\Users\hp\miniconda3\condabin;C:\MinGW\bin;C:\MinGW\bin;D:\node\node-v22.16.0-win-x64;
USERNAME=hp
OS=Windows_NT
PROCESSOR_IDENTIFIER=Intel64 Family 6 Model 140 Stepping 1, GenuineIntel
TMP=C:\Users\hp\AppData\Local\Temp
TEMP=C:\Users\hp\AppData\Local\Temp




Periodic native trim disabled

---------------  S Y S T E M  ---------------

OS:
 Windows 11 , 64 bit Build 22621 (10.0.22621.5415)
OS uptime: 4 days 12:52 hours

CPU: total 8 (initial active 8) (4 cores per cpu, 2 threads per core) family 6 model 140 stepping 1 microcode 0xa4, cx8, cmov, fxsr, ht, mmx, 3dnowpref, sse, sse2, sse3, ssse3, sse4.1, sse4.2, popcnt, lzcnt, tsc, tscinvbit, avx, avx2, aes, erms, clmul, bmi1, bmi2, adx, avx512f, avx512dq, avx512cd, avx512bw, avx512vl, sha, fma, vzeroupper, avx512_vpopcntdq, avx512_vpclmulqdq, avx512_vaes, avx512_vnni, clflush, clflushopt, clwb, avx512_vbmi2, avx512_vbmi, rdtscp, rdpid, fsrm, gfni, avx512_bitalg, f16c, pku, cet_ibt, cet_ss, avx512_ifma
Processor Information for processor 0
  Max Mhz: 2419, Current Mhz: 2419, Mhz Limit: 2419
Processor Information for processor 1
  Max Mhz: 2419, Current Mhz: 1209, Mhz Limit: 2419
Processor Information for processor 2
  Max Mhz: 2419, Current Mhz: 2419, Mhz Limit: 2419
Processor Information for processor 3
  Max Mhz: 2419, Current Mhz: 2419, Mhz Limit: 2419
Processor Information for processor 4
  Max Mhz: 2419, Current Mhz: 1209, Mhz Limit: 2419
Processor Information for processor 5
  Max Mhz: 2419, Current Mhz: 2419, Mhz Limit: 2419
Processor Information for processor 6
  Max Mhz: 2419, Current Mhz: 2419, Mhz Limit: 2419
Processor Information for processor 7
  Max Mhz: 2419, Current Mhz: 2419, Mhz Limit: 2419

Memory: 4k page, system-wide physical 16151M (476M free)
TotalPageFile size 25208M (AvailPageFile size 2M)
current process WorkingSet (physical memory assigned to process): 1492M, peak: 1563M
current process commit charge ("private bytes"): 1631M, peak: 1635M

vm_info: OpenJDK 64-Bit Server VM (21.0.7+6-LTS) for windows-amd64 JRE (21.0.7+6-LTS), built on 2025-04-15T00:00:00Z by "admin" with MS VC++ 17.7 (VS2022)

END.
